<?xml version="1.0" encoding="UTF-8"?>
<testng-results ignored="0" total="1" passed="1" failed="0" skipped="0">
  <reporter-output>
  </reporter-output>
  <suite started-at="2021-06-10T13:21:06Z" name="Default suite" finished-at="2021-06-10T13:22:04Z" duration-ms="58382">
    <groups>
    </groups>
    <test started-at="2021-06-10T13:21:06Z" name="Default test" finished-at="2021-06-10T13:22:04Z" duration-ms="58382">
      <class name="qaf.example.tests.TC007_QLO_Removecart">
        <test-method is-config="true" signature="setupSuit(org.testng.ITestContext)[pri:0, instance:qaf.example.tests.TC007_QLO_Removecart@753432a2]" started-at="2021-06-10T18:51:06Z" name="setupSuit" finished-at="2021-06-10T18:51:06Z" duration-ms="65" status="PASS">
          <params>
            <param index="0">
              <value>
                <![CDATA[org.testng.TestRunner@6e1d8f9e]]>
              </value>
            </param>
          </params>
          <reporter-output>
          </reporter-output>
        </test-method> <!-- setupSuit -->
        <test-method is-config="true" signature="setupTest(org.testng.ITestContext)[pri:0, instance:qaf.example.tests.TC007_QLO_Removecart@753432a2]" started-at="2021-06-10T18:51:06Z" name="setupTest" finished-at="2021-06-10T18:51:06Z" duration-ms="5" status="PASS">
          <params>
            <param index="0">
              <value>
                <![CDATA[org.testng.TestRunner@6e1d8f9e]]>
              </value>
            </param>
          </params>
          <reporter-output>
          </reporter-output>
        </test-method> <!-- setupTest -->
        <test-method is-config="true" signature="setup(org.testng.ITestContext)[pri:0, instance:qaf.example.tests.TC007_QLO_Removecart@753432a2]" started-at="2021-06-10T18:51:06Z" name="setup" finished-at="2021-06-10T18:51:06Z" duration-ms="2" status="PASS">
          <params>
            <param index="0">
              <value>
                <![CDATA[org.testng.TestRunner@6e1d8f9e]]>
              </value>
            </param>
          </params>
          <reporter-output>
          </reporter-output>
        </test-method> <!-- setup -->
        <test-method is-config="true" signature="setupMethod(java.lang.reflect.Method, org.testng.ITestContext)[pri:0, instance:qaf.example.tests.TC007_QLO_Removecart@753432a2]" started-at="2021-06-10T18:51:06Z" name="setupMethod" finished-at="2021-06-10T18:51:06Z" duration-ms="4" status="PASS">
          <params>
            <param index="0">
              <value>
                <![CDATA[public void qaf.example.tests.TC007_QLO_Removecart.remove(java.util.Map) throws java.lang.Exception]]>
              </value>
            </param>
            <param index="1">
              <value>
                <![CDATA[org.testng.TestRunner@6e1d8f9e]]>
              </value>
            </param>
          </params>
          <reporter-output>
          </reporter-output>
        </test-method> <!-- setupMethod -->
        <test-method signature="remove(java.util.Map)[pri:0, instance:qaf.example.tests.TC007_QLO_Removecart@753432a2]" started-at="2021-06-10T18:51:06Z" name="remove" finished-at="2021-06-10T18:52:03Z" duration-ms="57562" status="PASS">
          <params>
            <param index="0">
              <value>
                <![CDATA[{Firstname=Aarathi, Lastname=NM, Email=aarathinm@gmail.com, Password=Welcome@123, ConfirmPassword=Welcome@123, Telephone=dsdsds, day=6, month=may, year=1991, Company=WellsFargo, AddressLine1=Technopark, City=SFO, State=California, ZIPcode=94105, Home=198764859, Mobile=98278920, AdditionalInfo=Test, AssignTitle=OfficialAddress, Popup=Test, LoginEmail=aarathi91@gmail.com, CheckIndate=19/06/21, Checkoutdate=20/06/21, Fname=AarathiMani, Dateborn=27, Monthborn=June, Subject=Customerservice, Query=Test, Location=United States, __index=1}]]>
              </value>
            </param>
          </params>
          <reporter-output>
          </reporter-output>
        </test-method> <!-- remove -->
        <test-method is-config="true" signature="afterMethod(org.testng.ITestContext, org.testng.ITestResult)[pri:0, instance:qaf.example.tests.TC007_QLO_Removecart@753432a2]" started-at="2021-06-10T18:52:04Z" name="afterMethod" finished-at="2021-06-10T18:52:04Z" duration-ms="2" status="PASS">
          <params>
            <param index="0">
              <value>
                <![CDATA[org.testng.TestRunner@6e1d8f9e]]>
              </value>
            </param>
            <param index="1">
              <value>
                <![CDATA[[TestResult name=remove status=SUCCESS method=TC007_QLO_Removecart.remove(java.util.Map)[pri:0, instance:qaf.example.tests.TC007_QLO_Removecart@753432a2] output={null}]]]>
              </value>
            </param>
          </params>
          <reporter-output>
          </reporter-output>
        </test-method> <!-- afterMethod -->
        <test-method is-config="true" signature="afterClass(org.testng.ITestContext)[pri:0, instance:qaf.example.tests.TC007_QLO_Removecart@753432a2]" started-at="2021-06-10T18:52:04Z" name="afterClass" finished-at="2021-06-10T18:52:04Z" duration-ms="1" status="PASS">
          <params>
            <param index="0">
              <value>
                <![CDATA[org.testng.TestRunner@6e1d8f9e]]>
              </value>
            </param>
          </params>
          <reporter-output>
          </reporter-output>
        </test-method> <!-- afterClass -->
        <test-method is-config="true" signature="afterTest(org.testng.ITestContext)[pri:0, instance:qaf.example.tests.TC007_QLO_Removecart@753432a2]" started-at="2021-06-10T18:52:04Z" name="afterTest" finished-at="2021-06-10T18:52:04Z" duration-ms="455" status="PASS">
          <params>
            <param index="0">
              <value>
                <![CDATA[org.testng.TestRunner@6e1d8f9e]]>
              </value>
            </param>
          </params>
          <reporter-output>
          </reporter-output>
        </test-method> <!-- afterTest -->
      </class> <!-- qaf.example.tests.TC007_QLO_Removecart -->
    </test> <!-- Default test -->
  </suite> <!-- Default suite -->
</testng-results>
